<?xml version="1.0" encoding="UTF-8"?>
<!-- Generated by org.testng.reporters.JUnitXMLReporter -->
<testsuite ignored="3" hostname="surendrasinghgangwar"
	failures="4" tests="4" name="SanityGroup" time="0.291" errors="0"
	timestamp="2025-06-11T15:55:55 IST">
	<testcase classname="com.centralvista.test.LoginTest"
		name="getLoginWithValidUserNamePassword" time="0.074">
		<failure type="java.lang.NullPointerException"
			message="Cannot invoke &amp;quot;com.centralvista.dataReader.excelReader.getCellData(String, int, int)&amp;quot; because &amp;quot;this.xlReader&amp;quot; is null">
      <![CDATA[java.lang.NullPointerException: Cannot invoke "com.centralvista.dataReader.excelReader.getCellData(String, int, int)" because "this.xlReader" is null
at com.centralvista.test.LoginTest.getLoginWithValidUserNamePassword(LoginTest.java:106)
at java.base/java.util.ArrayList.forEach(ArrayList.java:1596)
... Removed 25 stack frames]]>
		</failure>
	</testcase> <!-- getLoginWithValidUserNamePassword -->
	<testcase classname="com.centralvista.test.Ministrymembertest"
		name="valid_registration" time="0.048">
		<failure type="java.lang.NullPointerException"
			message="Cannot invoke &amp;quot;org.openqa.selenium.WebDriver.findElement(org.openqa.selenium.By)&amp;quot; because &amp;quot;driver&amp;quot; is null">
      <![CDATA[java.lang.NullPointerException: Cannot invoke "org.openqa.selenium.WebDriver.findElement(org.openqa.selenium.By)" because "driver" is null
at org.openqa.selenium.support.ui.ExpectedConditions$7.apply(ExpectedConditions.java:194)
at org.openqa.selenium.support.ui.ExpectedConditions$7.apply(ExpectedConditions.java:190)
at org.openqa.selenium.support.ui.FluentWait.until(FluentWait.java:203)
at com.centralvista.test.Ministrymembertest.fillFormData(Ministrymembertest.java:63)
at com.centralvista.test.Ministrymembertest.valid_registration(Ministrymembertest.java:109)
at java.base/java.util.ArrayList.forEach(ArrayList.java:1596)
... Removed 25 stack frames]]>
		</failure>
	</testcase> <!-- valid_registration -->
	<testcase classname="com.centralvista.test.Ministrymembertest"
		name="minis_mem_list" time="0.004">
		<failure type="java.lang.NullPointerException"
			message="Cannot invoke &amp;quot;org.openqa.selenium.JavascriptExecutor.executeScript(String, Object[])&amp;quot; because &amp;quot;this.js&amp;quot; is null">
      <![CDATA[java.lang.NullPointerException: Cannot invoke "org.openqa.selenium.JavascriptExecutor.executeScript(String, Object[])" because "this.js" is null
at com.centralvista.test.Ministrymembertest.minis_mem_list(Ministrymembertest.java:171)
at java.base/java.util.ArrayList.forEach(ArrayList.java:1596)
... Removed 25 stack frames]]>
		</failure>
	</testcase> <!-- minis_mem_list -->
	<testcase classname="com.centralvista.test.Ministrymembertest"
		name="minis_mem_verifyinfo" time="0.004">
		<failure type="java.lang.NullPointerException"
			message="Cannot invoke &amp;quot;com.centralvista.pages.Ministrymemberpage.clickView()&amp;quot; because &amp;quot;this.page&amp;quot; is null">
      <![CDATA[java.lang.NullPointerException: Cannot invoke "com.centralvista.pages.Ministrymemberpage.clickView()" because "this.page" is null
at com.centralvista.test.Ministrymembertest.minis_mem_verifyinfo(Ministrymembertest.java:201)
at java.base/java.util.ArrayList.forEach(ArrayList.java:1596)
... Removed 25 stack frames]]>
		</failure>
	</testcase> <!-- minis_mem_verifyinfo -->
	<testcase classname="com.centralvista.test.Ministrymembertest"
		name="invalid_registration_existingemail" time="0.0">
		<ignored />
	</testcase> <!-- invalid_registration_existingemail -->
	<testcase classname="com.centralvista.test.Ministrymembertest"
		name="invalid_registration_existingcontact" time="0.0">
		<ignored />
	</testcase> <!-- invalid_registration_existingcontact -->
	<testcase classname="com.centralvista.test.Ministrymembertest"
		name="invalid_registration_existingaadhaar" time="0.0">
		<ignored />
	</testcase> <!-- invalid_registration_existingaadhaar -->
</testsuite> <!-- SanityGroup -->
