<?xml version="1.0" encoding="UTF-8"?>
<!-- Generated by org.testng.reporters.JUnitXMLReporter -->
<testsuite ignored="0" hostname="surendrasinghgangwar" failures="3" tests="23" name="Ministry member" time="257.312" errors="0" timestamp="2025-09-10T14:58:03 IST">
  <testcase classname="com.centralvista.test.Ministrymembertest" name="valid_registration" time="18.542"/>
  <testcase classname="com.centralvista.test.Ministrymembertest" name="invalid_registration_existingcontact" time="17.736"/>
  <testcase classname="com.centralvista.test.Ministrymembertest" name="invalid_registration_existingemail" time="18.164"/>
  <testcase classname="com.centralvista.test.Ministrymembertest" name="invalid_registration_existingaadhaar" time="23.083"/>
  <testcase classname="com.centralvista.test.Ministrymembertest" name="minis_mem_list" time="2.919"/>
  <testcase classname="com.centralvista.test.Ministrymembertest" name="minis_mem_verifyinfo" time="0.583">
    <failure type="java.lang.AssertionError" message="Date of Birth mismatch! Expected: 45828.0, Found: 20-06-2025">
      <![CDATA[java.lang.AssertionError: Date of Birth mismatch! Expected: 45828.0, Found: 20-06-2025
at com.centralvista.test.Ministrymembertest.validateField(Ministrymembertest.java:353)
at com.centralvista.test.Ministrymembertest.minis_mem_verifyinfo(Ministrymembertest.java:331)
at java.base/java.util.concurrent.Executors$RunnableAdapter.call(Executors.java:572)
at java.base/java.util.concurrent.FutureTask.run(FutureTask.java:317)
at java.base/java.util.concurrent.ThreadPoolExecutor.runWorker(ThreadPoolExecutor.java:1144)
at java.base/java.util.concurrent.ThreadPoolExecutor$Worker.run(ThreadPoolExecutor.java:642)
at java.base/java.lang.Thread.run(Thread.java:1583)
... Removed 11 stack frames]]>
    </failure>
  </testcase> <!-- minis_mem_verifyinfo -->
  <testcase classname="com.centralvista.test.Ministrymembertest" name="minis_mem_uploadfasciawithooufilling" time="0.38"/>
  <testcase classname="com.centralvista.test.Ministrymembertest" name="minis_mem_uploadfasciainvalidname" time="1.316">
    <failure type="java.lang.AssertionError" message="❌ Toast message mismatch! expected [only hindi name is allow] but found [Data captured successfully.]">
      <![CDATA[java.lang.AssertionError: ❌ Toast message mismatch! expected [only hindi name is allow] but found [Data captured successfully.]
at com.centralvista.utility.ToastUtil.validateToastMessage(ToastUtil.java:34)
at com.centralvista.test.Ministrymembertest.minis_mem_uploadfasciainvalidname(Ministrymembertest.java:411)
at java.base/java.util.concurrent.Executors$RunnableAdapter.call(Executors.java:572)
at java.base/java.util.concurrent.FutureTask.run(FutureTask.java:317)
at java.base/java.util.concurrent.ThreadPoolExecutor.runWorker(ThreadPoolExecutor.java:1144)
at java.base/java.util.concurrent.ThreadPoolExecutor$Worker.run(ThreadPoolExecutor.java:642)
at java.base/java.lang.Thread.run(Thread.java:1583)
... Removed 16 stack frames]]>
    </failure>
  </testcase> <!-- minis_mem_uploadfasciainvalidname -->
  <testcase classname="com.centralvista.test.Ministrymembertest" name="minis_mem_uploadfascia" time="10.025"/>
  <testcase classname="com.centralvista.test.Ministrymembertest" name="minis_mem_requestcar" time="13.361"/>
  <testcase classname="com.centralvista.test.Ministrymembertest" name="minis_mem_requestverify" time="10.131"/>
  <testcase classname="com.centralvista.test.Ministrymembertest" name="minis_mem_logout" time="9.137"/>
  <testcase classname="com.centralvista.test.RAMinistryMemberTest" name="rec_auth_minis_mem_requestverify" time="10.146"/>
  <testcase classname="com.centralvista.test.RAMinistryMemberTest" name="rec_auth_verifyMembervalues" time="0.556">
    <failure type="java.lang.AssertionError" message="Date of Birth mismatch! Expected: 45828.0, Found: 20-06-2025">
      <![CDATA[java.lang.AssertionError: Date of Birth mismatch! Expected: 45828.0, Found: 20-06-2025
at com.centralvista.test.RAMinistryMemberTest.validateField(RAMinistryMemberTest.java:215)
at com.centralvista.test.RAMinistryMemberTest.rec_auth_verifyMembervalues(RAMinistryMemberTest.java:189)
at java.base/java.util.concurrent.Executors$RunnableAdapter.call(Executors.java:572)
at java.base/java.util.concurrent.FutureTask.run(FutureTask.java:317)
at java.base/java.util.concurrent.ThreadPoolExecutor.runWorker(ThreadPoolExecutor.java:1144)
at java.base/java.util.concurrent.ThreadPoolExecutor$Worker.run(ThreadPoolExecutor.java:642)
at java.base/java.lang.Thread.run(Thread.java:1583)
... Removed 11 stack frames]]>
    </failure>
  </testcase> <!-- rec_auth_verifyMembervalues -->
  <testcase classname="com.centralvista.test.RAMinistryMemberTest" name="minisMem_forwartoApprover" time="12.03"/>
  <testcase classname="com.centralvista.test.RAMinistryMemberTest" name="raminis_mem_logout" time="9.144"/>
  <testcase classname="com.centralvista.test.AAMinistrymemberTest" name="app_auth_minis_mem_requestverify" time="10.173"/>
  <testcase classname="com.centralvista.test.AAMinistrymemberTest" name="minisMem_forwartoissuer" time="31.011"/>
  <testcase classname="com.centralvista.test.AAMinistrymemberTest" name="minisMem_checkstatus" time="10.275"/>
  <testcase classname="com.centralvista.test.AAMinistrymemberTest" name="aaminis_mem_logout" time="9.135"/>
  <testcase classname="com.centralvista.test.AAMinistrymemberTest" name="iaminis_mem_login" time="5.162"/>
  <testcase classname="com.centralvista.test.AAMinistrymemberTest" name="minisMem_checkstatusIa" time="17.376"/>
  <testcase classname="com.centralvista.test.AAMinistrymemberTest" name="iaminis_mem_logout" time="9.13"/>
</testsuite> <!-- Ministry member -->
