<?xml version="1.0" encoding="UTF-8"?>
<!-- Generated by org.testng.reporters.JUnitXMLReporter -->
<testsuite ignored="0" hostname="DESKTOP-2G6C4P4" failures="0"
	tests="2" name="Employee Registration Test" time="91.437" errors="0"
	timestamp="07 Mar 2024 10:30:32 GMT">
	<testcase classname="com.centralvista.test.LSEmpDashBoardTest"
		name="addNewEmployee" time="81.272" />
	<testcase classname="com.centralvista.test.LoginTest"
		name="loginWithValidCredentials" time="5.331" />
</testsuite> <!-- Employee Registration Test -->
